<html>
<head>
<title>TestNG:  Test</title>
<link href="../testng.css" rel="stylesheet" type="text/css" />
<link href="../my-testng.css" rel="stylesheet" type="text/css" />

<style type="text/css">
.log { display: none;} 
.stack-trace { display: none;} 
</style>
<script type="text/javascript">
<!--
function flip(e) {
  current = e.style.display;
  if (current == 'block') {
    e.style.display = 'none';
    return 0;
  }
  else {
    e.style.display = 'block';
    return 1;
  }
}

function toggleBox(szDivId, elem, msg1, msg2)
{
  var res = -1;  if (document.getElementById) {
    res = flip(document.getElementById(szDivId));
  }
  else if (document.all) {
    // this is the way old msie versions work
    res = flip(document.all[szDivId]);
  }
  if(elem) {
    if(res == 0) elem.innerHTML = msg1; else elem.innerHTML = msg2;
  }

}

function toggleAllBoxes() {
  if (document.getElementsByTagName) {
    d = document.getElementsByTagName('div');
    for (i = 0; i < d.length; i++) {
      if (d[i].className == 'log') {
        flip(d[i]);
      }
    }
  }
}

// -->
</script>

</head>
<body>
<h2 align='center'>Test</h2><table border='1' align="center">
<tr>
<td>Tests passed/Failed/Skipped:</td><td>10/1/7</td>
</tr><tr>
<td>Started on:</td><td>Mon May 14 15:54:23 IST 2018</td>
</tr>
<tr><td>Total time:</td><td>1441 seconds (1441802 ms)</td>
</tr><tr>
<td>Included groups:</td><td></td>
</tr><tr>
<td>Excluded groups:</td><td></td>
</tr>
</table><p/>
<small><i>(Hover the method name to see the test class name)</i></small><p/>
<table width='100%' border='1' class='invocation-failed'>
<tr><td colspan='4' align='center'><b>FAILED CONFIGURATIONS</b></td></tr>
<tr><td><b>Test method</b></td>
<td width="30%"><b>Exception</b></td>
<td width="10%"><b>Time (seconds)</b></td>
<td><b>Instance</b></td>
</tr>
<tr>
<td title='com.qa.freecrm.testcases.ContactsPageTest.setUp()'><b>setUp</b><br>Test class: com.qa.freecrm.testcases.ContactsPageTest</td>
<td><div><pre>org.openqa.selenium.WebDriverException: chrome not reachable
  (Session info: chrome=66.0.3359.139)
  (Driver info: chromedriver=2.36.540470 (e522d04694c7ebea4ba8821272dbef4f9b818c91),platform=Windows NT 10.0.14393 x86_64) (WARNING: The server did not provide any stacktrace information)
Command duration or timeout: 0 milliseconds
Build info: version: &apos;3.11.0&apos;, revision: &apos;e59cfb3&apos;, time: &apos;2018-03-11T20:26:55.152Z&apos;
System info: host: &apos;BAN-RAOPW10&apos;, ip: &apos;192.168.0.176&apos;, os.name: &apos;Windows 10&apos;, os.arch: &apos;amd64&apos;, os.version: &apos;10.0&apos;, java.version: &apos;1.8.0_131&apos;
Driver info: org.openqa.selenium.chrome.ChromeDriver
Capabilities {acceptInsecureCerts: false, acceptSslCerts: false, applicationCacheEnabled: false, browserConnectionEnabled: false, browserName: chrome, chrome: {chromedriverVersion: 2.36.540470 (e522d04694c7eb..., userDataDir: C:\Users\raop\AppData\Local...}, cssSelectorsEnabled: true, databaseEnabled: false, handlesAlerts: true, hasTouchScreen: false, javascriptEnabled: true, locationContextEnabled: true, mobileEmulationEnabled: false, nativeEvents: true, networkConnectionEnabled: false, pageLoadStrategy: normal, platform: XP, platformName: XP, rotatable: false, setWindowRect: true, takesHeapSnapshot: true, takesScreenshot: true, unexpectedAlertBehaviour: , unhandledPromptBehavior: , version: 66.0.3359.139, webStorageEnabled: true}
Session ID: aedc0ad8bf81620db8b856b37b8b6a99
*** Element info: {Using=css selector, value=frame[name=&apos;mainpanel&apos;],iframe[name=&apos;mainpanel&apos;]}
	at org.openqa.selenium.remote.ErrorHandler.createThrowable(ErrorHandler.java:214)
	at org.openqa.selenium.remote.ErrorHandler.throwIfResponseFailed(ErrorHandler.java:166)
	at org.openqa.selenium.remote.http.JsonHttpResponseCodec.reconstructValue(JsonHttpResponseCodec.java:40)
	at org.openqa.selenium.remote.http.AbstractHttpResponseCodec.decode(AbstractHttpResponseCodec.java:80)
	at org.openqa.selenium.remote.http.AbstractHttpResponseCodec.decode(AbstractHttpResponseCodec.java:44)
	at org.openqa.selenium.remote.HttpCommandExecutor.execute(HttpCommandExecutor.java:158)
	at org.openqa.selenium.remote.service.DriverCommandExecutor.execute(DriverCommandExecutor.java:83)
	at org.openqa.selenium.remote.RemoteWebDriver.execute(RemoteWebDriver.java:545)
	at org.openqa.selenium.remote.RemoteWebDriver.findElements(RemoteWebDriver.java:346)
	at org.openqa.selenium.remote.RemoteWebDriver.findElementsByCssSelector(RemoteWebDriver.java:417)
	at org.openqa.selenium.By$ByCssSelector.findElements(By.java:441)
	at org.openqa.selenium.remote.RemoteWebDriver.findElements(RemoteWebDriver.java:307)
	at org.openqa.selenium.remote.RemoteWebDriver$RemoteTargetLocator.frame(RemoteWebDriver.java:877)
	at org.openqa.selenium.support.events.EventFiringWebDriver$EventFiringTargetLocator.frame(EventFiringWebDriver.java:623)
	at com.qa.freecrm.utility.TestUtil.switctomainframe(TestUtil.java:30)
	at com.qa.freecrm.testcases.ContactsPageTest.setUp(ContactsPageTest.java:35)
... Removed 30 stack frames</pre></div><a href='#' onClick='toggleBox("stack-trace2109839984", this, "Click to show all stack frames", "Click to hide stack frames")'>Click to show all stack frames</a>
<div class='stack-trace' id='stack-trace2109839984'><pre>org.openqa.selenium.WebDriverException: chrome not reachable
  (Session info: chrome=66.0.3359.139)
  (Driver info: chromedriver=2.36.540470 (e522d04694c7ebea4ba8821272dbef4f9b818c91),platform=Windows NT 10.0.14393 x86_64) (WARNING: The server did not provide any stacktrace information)
Command duration or timeout: 0 milliseconds
Build info: version: &apos;3.11.0&apos;, revision: &apos;e59cfb3&apos;, time: &apos;2018-03-11T20:26:55.152Z&apos;
System info: host: &apos;BAN-RAOPW10&apos;, ip: &apos;192.168.0.176&apos;, os.name: &apos;Windows 10&apos;, os.arch: &apos;amd64&apos;, os.version: &apos;10.0&apos;, java.version: &apos;1.8.0_131&apos;
Driver info: org.openqa.selenium.chrome.ChromeDriver
Capabilities {acceptInsecureCerts: false, acceptSslCerts: false, applicationCacheEnabled: false, browserConnectionEnabled: false, browserName: chrome, chrome: {chromedriverVersion: 2.36.540470 (e522d04694c7eb..., userDataDir: C:\Users\raop\AppData\Local...}, cssSelectorsEnabled: true, databaseEnabled: false, handlesAlerts: true, hasTouchScreen: false, javascriptEnabled: true, locationContextEnabled: true, mobileEmulationEnabled: false, nativeEvents: true, networkConnectionEnabled: false, pageLoadStrategy: normal, platform: XP, platformName: XP, rotatable: false, setWindowRect: true, takesHeapSnapshot: true, takesScreenshot: true, unexpectedAlertBehaviour: , unhandledPromptBehavior: , version: 66.0.3359.139, webStorageEnabled: true}
Session ID: aedc0ad8bf81620db8b856b37b8b6a99
*** Element info: {Using=css selector, value=frame[name=&apos;mainpanel&apos;],iframe[name=&apos;mainpanel&apos;]}
	at sun.reflect.NativeConstructorAccessorImpl.newInstance0(Native Method)
	at sun.reflect.NativeConstructorAccessorImpl.newInstance(Unknown Source)
	at sun.reflect.DelegatingConstructorAccessorImpl.newInstance(Unknown Source)
	at java.lang.reflect.Constructor.newInstance(Unknown Source)
	at org.openqa.selenium.remote.ErrorHandler.createThrowable(ErrorHandler.java:214)
	at org.openqa.selenium.remote.ErrorHandler.throwIfResponseFailed(ErrorHandler.java:166)
	at org.openqa.selenium.remote.http.JsonHttpResponseCodec.reconstructValue(JsonHttpResponseCodec.java:40)
	at org.openqa.selenium.remote.http.AbstractHttpResponseCodec.decode(AbstractHttpResponseCodec.java:80)
	at org.openqa.selenium.remote.http.AbstractHttpResponseCodec.decode(AbstractHttpResponseCodec.java:44)
	at org.openqa.selenium.remote.HttpCommandExecutor.execute(HttpCommandExecutor.java:158)
	at org.openqa.selenium.remote.service.DriverCommandExecutor.execute(DriverCommandExecutor.java:83)
	at org.openqa.selenium.remote.RemoteWebDriver.execute(RemoteWebDriver.java:545)
	at org.openqa.selenium.remote.RemoteWebDriver.findElements(RemoteWebDriver.java:346)
	at org.openqa.selenium.remote.RemoteWebDriver.findElementsByCssSelector(RemoteWebDriver.java:417)
	at org.openqa.selenium.By$ByCssSelector.findElements(By.java:441)
	at org.openqa.selenium.remote.RemoteWebDriver.findElements(RemoteWebDriver.java:307)
	at org.openqa.selenium.remote.RemoteWebDriver$RemoteTargetLocator.frame(RemoteWebDriver.java:877)
	at org.openqa.selenium.support.events.EventFiringWebDriver$EventFiringTargetLocator.frame(EventFiringWebDriver.java:623)
	at com.qa.freecrm.utility.TestUtil.switctomainframe(TestUtil.java:30)
	at com.qa.freecrm.testcases.ContactsPageTest.setUp(ContactsPageTest.java:35)
	at sun.reflect.NativeMethodAccessorImpl.invoke0(Native Method)
	at sun.reflect.NativeMethodAccessorImpl.invoke(Unknown Source)
	at sun.reflect.DelegatingMethodAccessorImpl.invoke(Unknown Source)
	at java.lang.reflect.Method.invoke(Unknown Source)
	at org.testng.internal.MethodInvocationHelper.invokeMethod(MethodInvocationHelper.java:80)
	at org.testng.internal.Invoker.invokeConfigurationMethod(Invoker.java:564)
	at org.testng.internal.Invoker.invokeConfigurations(Invoker.java:213)
	at org.testng.internal.Invoker.invokeMethod(Invoker.java:653)
	at org.testng.internal.Invoker.invokeTestMethod(Invoker.java:901)
	at org.testng.internal.Invoker.invokeTestMethods(Invoker.java:1231)
	at org.testng.internal.TestMethodWorker.invokeTestMethods(TestMethodWorker.java:127)
	at org.testng.internal.TestMethodWorker.run(TestMethodWorker.java:111)
	at org.testng.TestRunner.privateRun(TestRunner.java:767)
	at org.testng.TestRunner.run(TestRunner.java:617)
	at org.testng.SuiteRunner.runTest(SuiteRunner.java:334)
	at org.testng.SuiteRunner.runSequentially(SuiteRunner.java:329)
	at org.testng.SuiteRunner.privateRun(SuiteRunner.java:291)
	at org.testng.SuiteRunner.run(SuiteRunner.java:240)
	at org.testng.SuiteRunnerWorker.runSuite(SuiteRunnerWorker.java:52)
	at org.testng.SuiteRunnerWorker.run(SuiteRunnerWorker.java:86)
	at org.testng.TestNG.runSuitesSequentially(TestNG.java:1198)
	at org.testng.TestNG.runSuitesLocally(TestNG.java:1123)
	at org.testng.TestNG.run(TestNG.java:1031)
	at org.testng.remote.AbstractRemoteTestNG.run(AbstractRemoteTestNG.java:114)
	at org.testng.remote.RemoteTestNG.initAndRun(RemoteTestNG.java:251)
	at org.testng.remote.RemoteTestNG.main(RemoteTestNG.java:77)
</pre></div></td>
<td>0</td>
<td>com.qa.freecrm.testcases.ContactsPageTest@6a4f787b</td></tr>
</table><p>
<table width='100%' border='1' class='invocation-skipped'>
<tr><td colspan='4' align='center'><b>SKIPPED CONFIGURATIONS</b></td></tr>
<tr><td><b>Test method</b></td>
<td width="30%"><b>Exception</b></td>
<td width="10%"><b>Time (seconds)</b></td>
<td><b>Instance</b></td>
</tr>
<tr>
<td title='com.qa.freecrm.testcases.ContactsPageTest.setUp()'><b>setUp</b><br>Test class: com.qa.freecrm.testcases.ContactsPageTest</td>
<td></td>
<td>0</td>
<td>com.qa.freecrm.testcases.ContactsPageTest@6a4f787b</td></tr>
<tr>
<td title='com.qa.freecrm.testcases.ContactsPageTest.setUp()'><b>setUp</b><br>Test class: com.qa.freecrm.testcases.ContactsPageTest</td>
<td></td>
<td>0</td>
<td>com.qa.freecrm.testcases.ContactsPageTest@6a4f787b</td></tr>
<tr>
<td title='com.qa.freecrm.testcases.ContactsPageTest.setUp()'><b>setUp</b><br>Test class: com.qa.freecrm.testcases.ContactsPageTest</td>
<td></td>
<td>0</td>
<td>com.qa.freecrm.testcases.ContactsPageTest@6a4f787b</td></tr>
<tr>
<td title='com.qa.freecrm.testcases.ContactsPageTest.setUp()'><b>setUp</b><br>Test class: com.qa.freecrm.testcases.ContactsPageTest</td>
<td></td>
<td>0</td>
<td>com.qa.freecrm.testcases.ContactsPageTest@6a4f787b</td></tr>
<tr>
<td title='com.qa.freecrm.testcases.ContactsPageTest.setUp()'><b>setUp</b><br>Test class: com.qa.freecrm.testcases.ContactsPageTest</td>
<td></td>
<td>0</td>
<td>com.qa.freecrm.testcases.ContactsPageTest@6a4f787b</td></tr>
<tr>
<td title='com.qa.freecrm.testcases.ContactsPageTest.setUp()'><b>setUp</b><br>Test class: com.qa.freecrm.testcases.ContactsPageTest</td>
<td></td>
<td>0</td>
<td>com.qa.freecrm.testcases.ContactsPageTest@6a4f787b</td></tr>
<tr>
<td title='com.qa.freecrm.testcases.ContactsPageTest.tearDown()'><b>tearDown</b><br>Test class: com.qa.freecrm.testcases.ContactsPageTest</td>
<td></td>
<td>0</td>
<td>com.qa.freecrm.testcases.ContactsPageTest@6a4f787b</td></tr>
<tr>
<td title='com.qa.freecrm.testcases.ContactsPageTest.tearDown()'><b>tearDown</b><br>Test class: com.qa.freecrm.testcases.ContactsPageTest</td>
<td></td>
<td>0</td>
<td>com.qa.freecrm.testcases.ContactsPageTest@6a4f787b</td></tr>
<tr>
<td title='com.qa.freecrm.testcases.ContactsPageTest.tearDown()'><b>tearDown</b><br>Test class: com.qa.freecrm.testcases.ContactsPageTest</td>
<td></td>
<td>0</td>
<td>com.qa.freecrm.testcases.ContactsPageTest@6a4f787b</td></tr>
<tr>
<td title='com.qa.freecrm.testcases.ContactsPageTest.tearDown()'><b>tearDown</b><br>Test class: com.qa.freecrm.testcases.ContactsPageTest</td>
<td></td>
<td>0</td>
<td>com.qa.freecrm.testcases.ContactsPageTest@6a4f787b</td></tr>
<tr>
<td title='com.qa.freecrm.testcases.ContactsPageTest.tearDown()'><b>tearDown</b><br>Test class: com.qa.freecrm.testcases.ContactsPageTest</td>
<td></td>
<td>0</td>
<td>com.qa.freecrm.testcases.ContactsPageTest@6a4f787b</td></tr>
<tr>
<td title='com.qa.freecrm.testcases.ContactsPageTest.tearDown()'><b>tearDown</b><br>Test class: com.qa.freecrm.testcases.ContactsPageTest</td>
<td></td>
<td>0</td>
<td>com.qa.freecrm.testcases.ContactsPageTest@6a4f787b</td></tr>
<tr>
<td title='com.qa.freecrm.testcases.ContactsPageTest.tearDown()'><b>tearDown</b><br>Test class: com.qa.freecrm.testcases.ContactsPageTest</td>
<td></td>
<td>0</td>
<td>com.qa.freecrm.testcases.ContactsPageTest@6a4f787b</td></tr>
</table><p>
<table width='100%' border='1' class='invocation-failed'>
<tr><td colspan='4' align='center'><b>FAILED TESTS</b></td></tr>
<tr><td><b>Test method</b></td>
<td width="30%"><b>Exception</b></td>
<td width="10%"><b>Time (seconds)</b></td>
<td><b>Instance</b></td>
</tr>
<tr>
<td title='com.qa.freecrm.testcases.ContactsPageTest.newContactTest()'><b>newContactTest</b><br>Test class: com.qa.freecrm.testcases.ContactsPageTest</td>
<td><div><pre>java.lang.NullPointerException
	at org.openqa.selenium.support.events.EventFiringWebDriver.extractInterfaces(EventFiringWebDriver.java:118)
	at org.openqa.selenium.support.events.EventFiringWebDriver.access$300(EventFiringWebDriver.java:67)
	at org.openqa.selenium.support.events.EventFiringWebDriver$EventFiringWebElement.&lt;init&gt;(EventFiringWebDriver.java:362)
	at org.openqa.selenium.support.events.EventFiringWebDriver$EventFiringWebElement.&lt;init&gt;(EventFiringWebDriver.java:354)
	at org.openqa.selenium.support.events.EventFiringWebDriver.createWebElement(EventFiringWebDriver.java:305)
	at org.openqa.selenium.support.events.EventFiringWebDriver.findElement(EventFiringWebDriver.java:188)
	at org.openqa.selenium.support.pagefactory.DefaultElementLocator.findElement(DefaultElementLocator.java:69)
	at org.openqa.selenium.support.pagefactory.internal.LocatingElementHandler.invoke(LocatingElementHandler.java:38)
	at com.sun.proxy.$Proxy12.isEnabled(Unknown Source)
	at com.qa.freecrm.pages.ContactsPage.validatenewcontact(ContactsPage.java:46)
	at com.qa.freecrm.testcases.ContactsPageTest.newContactTest(ContactsPageTest.java:49)
... Removed 24 stack frames</pre></div><a href='#' onClick='toggleBox("stack-trace643290333", this, "Click to show all stack frames", "Click to hide stack frames")'>Click to show all stack frames</a>
<div class='stack-trace' id='stack-trace643290333'><pre>java.lang.NullPointerException
	at org.openqa.selenium.support.events.EventFiringWebDriver.extractInterfaces(EventFiringWebDriver.java:118)
	at org.openqa.selenium.support.events.EventFiringWebDriver.access$300(EventFiringWebDriver.java:67)
	at org.openqa.selenium.support.events.EventFiringWebDriver$EventFiringWebElement.&lt;init&gt;(EventFiringWebDriver.java:362)
	at org.openqa.selenium.support.events.EventFiringWebDriver$EventFiringWebElement.&lt;init&gt;(EventFiringWebDriver.java:354)
	at org.openqa.selenium.support.events.EventFiringWebDriver.createWebElement(EventFiringWebDriver.java:305)
	at org.openqa.selenium.support.events.EventFiringWebDriver.findElement(EventFiringWebDriver.java:188)
	at org.openqa.selenium.support.pagefactory.DefaultElementLocator.findElement(DefaultElementLocator.java:69)
	at org.openqa.selenium.support.pagefactory.internal.LocatingElementHandler.invoke(LocatingElementHandler.java:38)
	at com.sun.proxy.$Proxy12.isEnabled(Unknown Source)
	at com.qa.freecrm.pages.ContactsPage.validatenewcontact(ContactsPage.java:46)
	at com.qa.freecrm.testcases.ContactsPageTest.newContactTest(ContactsPageTest.java:49)
	at sun.reflect.NativeMethodAccessorImpl.invoke0(Native Method)
	at sun.reflect.NativeMethodAccessorImpl.invoke(Unknown Source)
	at sun.reflect.DelegatingMethodAccessorImpl.invoke(Unknown Source)
	at java.lang.reflect.Method.invoke(Unknown Source)
	at org.testng.internal.MethodInvocationHelper.invokeMethod(MethodInvocationHelper.java:80)
	at org.testng.internal.Invoker.invokeMethod(Invoker.java:714)
	at org.testng.internal.Invoker.invokeTestMethod(Invoker.java:901)
	at org.testng.internal.Invoker.invokeTestMethods(Invoker.java:1231)
	at org.testng.internal.TestMethodWorker.invokeTestMethods(TestMethodWorker.java:127)
	at org.testng.internal.TestMethodWorker.run(TestMethodWorker.java:111)
	at org.testng.TestRunner.privateRun(TestRunner.java:767)
	at org.testng.TestRunner.run(TestRunner.java:617)
	at org.testng.SuiteRunner.runTest(SuiteRunner.java:334)
	at org.testng.SuiteRunner.runSequentially(SuiteRunner.java:329)
	at org.testng.SuiteRunner.privateRun(SuiteRunner.java:291)
	at org.testng.SuiteRunner.run(SuiteRunner.java:240)
	at org.testng.SuiteRunnerWorker.runSuite(SuiteRunnerWorker.java:52)
	at org.testng.SuiteRunnerWorker.run(SuiteRunnerWorker.java:86)
	at org.testng.TestNG.runSuitesSequentially(TestNG.java:1198)
	at org.testng.TestNG.runSuitesLocally(TestNG.java:1123)
	at org.testng.TestNG.run(TestNG.java:1031)
	at org.testng.remote.AbstractRemoteTestNG.run(AbstractRemoteTestNG.java:114)
	at org.testng.remote.RemoteTestNG.initAndRun(RemoteTestNG.java:251)
	at org.testng.remote.RemoteTestNG.main(RemoteTestNG.java:77)
</pre></div></td>
<td>9</td>
<td>com.qa.freecrm.testcases.ContactsPageTest@6a4f787b</td></tr>
</table><p>
<table width='100%' border='1' class='invocation-passed'>
<tr><td colspan='4' align='center'><b>PASSED TESTS</b></td></tr>
<tr><td><b>Test method</b></td>
<td width="30%"><b>Exception</b></td>
<td width="10%"><b>Time (seconds)</b></td>
<td><b>Instance</b></td>
</tr>
<tr>
<td title='com.qa.freecrm.testcases.HomePageTest.ContactsPageTest()'><b>ContactsPageTest</b><br>Test class: com.qa.freecrm.testcases.HomePageTest</td>
<td></td>
<td>0</td>
<td>com.qa.freecrm.testcases.HomePageTest@604ed9f0</td></tr>
<tr>
<td title='com.qa.freecrm.testcases.HomePageTest.HomePageLogoTest()'><b>HomePageLogoTest</b><br>Test class: com.qa.freecrm.testcases.HomePageTest</td>
<td></td>
<td>0</td>
<td>com.qa.freecrm.testcases.HomePageTest@604ed9f0</td></tr>
<tr>
<td title='com.qa.freecrm.testcases.HomePageTest.HomePageTitleTest()'><b>HomePageTitleTest</b><br>Test class: com.qa.freecrm.testcases.HomePageTest</td>
<td></td>
<td>0</td>
<td>com.qa.freecrm.testcases.HomePageTest@604ed9f0</td></tr>
<tr>
<td title='com.qa.freecrm.testcases.LoginPageTest.LoginPageLoginTest()'><b>LoginPageLoginTest</b><br>Test class: com.qa.freecrm.testcases.LoginPageTest</td>
<td></td>
<td>6</td>
<td>com.qa.freecrm.testcases.LoginPageTest@ae45eb6</td></tr>
<tr>
<td title='com.qa.freecrm.testcases.LoginPageTest.LoginPageTitleTest()'><b>LoginPageTitleTest</b><br>Test class: com.qa.freecrm.testcases.LoginPageTest</td>
<td></td>
<td>0</td>
<td>com.qa.freecrm.testcases.LoginPageTest@ae45eb6</td></tr>
<tr>
<td title='com.qa.freecrm.testcases.HomePageTest.NewContactsTest()'><b>NewContactsTest</b><br>Test class: com.qa.freecrm.testcases.HomePageTest</td>
<td></td>
<td>7</td>
<td>com.qa.freecrm.testcases.HomePageTest@604ed9f0</td></tr>
<tr>
<td title='com.qa.freecrm.testcases.HomePageTest.NewTaskTest()'><b>NewTaskTest</b><br>Test class: com.qa.freecrm.testcases.HomePageTest</td>
<td></td>
<td>4</td>
<td>com.qa.freecrm.testcases.HomePageTest@604ed9f0</td></tr>
<tr>
<td title='com.qa.freecrm.testcases.HomePageTest.TaskPageclickTest()'><b>TaskPageclickTest</b><br>Test class: com.qa.freecrm.testcases.HomePageTest</td>
<td></td>
<td>2</td>
<td>com.qa.freecrm.testcases.HomePageTest@604ed9f0</td></tr>
<tr>
<td title='com.qa.freecrm.testcases.ContactsPageTest.contactsTest()'><b>contactsTest</b><br>Test class: com.qa.freecrm.testcases.ContactsPageTest</td>
<td></td>
<td>0</td>
<td>com.qa.freecrm.testcases.ContactsPageTest@6a4f787b</td></tr>
<tr>
<td title='com.qa.freecrm.testcases.LoginPageTest.loginpagelogotest()'><b>loginpagelogotest</b><br>Test class: com.qa.freecrm.testcases.LoginPageTest</td>
<td></td>
<td>0</td>
<td>com.qa.freecrm.testcases.LoginPageTest@ae45eb6</td></tr>
</table><p>
<table width='100%' border='1' class='invocation-skipped'>
<tr><td colspan='4' align='center'><b>SKIPPED TESTS</b></td></tr>
<tr><td><b>Test method</b></td>
<td width="30%"><b>Exception</b></td>
<td width="10%"><b>Time (seconds)</b></td>
<td><b>Instance</b></td>
</tr>
<tr>
<td title='com.qa.freecrm.testcases.ContactsPageTest.createContactsFromExcel()'><b>createContactsFromExcel</b><br>Test class: com.qa.freecrm.testcases.ContactsPageTest<br>Parameters: Mr., priyanka, rao, gh, III</td>
<td></td>
<td>0</td>
<td>com.qa.freecrm.testcases.ContactsPageTest@6a4f787b</td></tr>
<tr>
<td title='com.qa.freecrm.testcases.ContactsPageTest.createContactsFromExcel()'><b>createContactsFromExcel</b><br>Test class: com.qa.freecrm.testcases.ContactsPageTest<br>Parameters: Ms., Preethika, Khnaaa, hj, II</td>
<td></td>
<td>0</td>
<td>com.qa.freecrm.testcases.ContactsPageTest@6a4f787b</td></tr>
<tr>
<td title='com.qa.freecrm.testcases.ContactsPageTest.createContactsFromExcel()'><b>createContactsFromExcel</b><br>Test class: com.qa.freecrm.testcases.ContactsPageTest<br>Parameters: Mr., Dhanraj, Rao, hhj, III</td>
<td></td>
<td>0</td>
<td>com.qa.freecrm.testcases.ContactsPageTest@6a4f787b</td></tr>
<tr>
<td title='com.qa.freecrm.testcases.ContactsPageTest.createNewContactdynTest()'><b>createNewContactdynTest</b><br>Test class: com.qa.freecrm.testcases.ContactsPageTest</td>
<td></td>
<td>0</td>
<td>com.qa.freecrm.testcases.ContactsPageTest@6a4f787b</td></tr>
<tr>
<td title='com.qa.freecrm.testcases.ContactsPageTest.createNewContacthcTest()'><b>createNewContacthcTest</b><br>Test class: com.qa.freecrm.testcases.ContactsPageTest</td>
<td></td>
<td>0</td>
<td>com.qa.freecrm.testcases.ContactsPageTest@6a4f787b</td></tr>
<tr>
<td title='com.qa.freecrm.testcases.ContactsPageTest.selectdynamiclecontactTest()'><b>selectdynamiclecontactTest</b><br>Test class: com.qa.freecrm.testcases.ContactsPageTest</td>
<td></td>
<td>0</td>
<td>com.qa.freecrm.testcases.ContactsPageTest@6a4f787b</td></tr>
<tr>
<td title='com.qa.freecrm.testcases.ContactsPageTest.selecthardcodedlecontactTest()'><b>selecthardcodedlecontactTest</b><br>Test class: com.qa.freecrm.testcases.ContactsPageTest</td>
<td></td>
<td>0</td>
<td>com.qa.freecrm.testcases.ContactsPageTest@6a4f787b</td></tr>
</table><p>
</body>
</html>